<?xml version="1.0" encoding="UTF-8"?>
<!-- Generated by org.testng.reporters.JUnitXMLReporter -->
<testsuite hostname="SILICUS253" ignored="0" name="Loan Department" tests="7" failures="1" timestamp="08 Aug 2019 05:57:42 GMT" time="0.157" errors="0">
  <testcase name="mobileLoginHomeLoan" time="0.011" classname="testDemo.Test2"/>
  <testcase name="webLoginHomeLoan" time="0.004" classname="testDemo.Test2"/>
  <testcase name="ipadLoginCarLoan" time="0.003" classname="testDemo.Test1"/>
  <testcase name="ipadLoginCarLoan" time="0.013" classname="testDemo.Test1"/>
  <testcase name="ipadLoginCarLoan" time="0.003" classname="testDemo.Test1"/>
  <testcase name="webLoginCarLoan" time="0.009" classname="testDemo.Test1">
    <failure type="java.lang.AssertionError" message="expected [true] but found [false]">
      <![CDATA[java.lang.AssertionError: expected [true] but found [false]
	at testDemo.Test1.webLoginCarLoan(Test1.java:28)
... Removed 29 stack frames]]>
    </failure>
  </testcase> <!-- webLoginCarLoan -->
  <testcase name="mobileLoginCarLoan" time="0.004" classname="testDemo.Test1"/>
</testsuite> <!-- Loan Department -->
